DEB [20150209-22:32:56.710] thr=1   paramiko.transport: starting thread (client mode): 0x2aede10L
INF [20150209-22:32:56.711] thr=1   paramiko.transport: Connected (version 2.0, client OpenSSH_5.4)
DEB [20150209-22:32:56.716] thr=1   paramiko.transport: kex algos:['diffie-hellman-group-exchange-sha256', 'diffie-hellman-group-exchange-sha1', 'diffie-hellman-group14-sha1', 'diffie-hellman-group1-sha1'] server key:['ssh-rsa'] client encrypt:['aes256-ctr', 'aes128-ctr'] server encrypt:['aes256-ctr', 'aes128-ctr'] client mac:['hmac-sha1-96'] server mac:['hmac-sha1-96'] client compress:['none', 'zlib@openssh.com'] server compress:['none', 'zlib@openssh.com'] client lang:[''] server lang:[''] kex follows?False
DEB [20150209-22:32:56.716] thr=1   paramiko.transport: Ciphers agreed: local=aes128-ctr, remote=aes128-ctr
DEB [20150209-22:32:56.716] thr=1   paramiko.transport: using kex diffie-hellman-group1-sha1; server key type ssh-rsa; cipher: local aes128-ctr, remote aes128-ctr; mac: local hmac-sha1-96, remote hmac-sha1-96; compression: local none, remote none
DEB [20150209-22:32:56.805] thr=1   paramiko.transport: Switch to new keys ...
DEB [20150209-22:32:56.811] thr=2   paramiko.transport: Adding ssh-rsa host key for 10.9.33.80: 069fdc3b15f3e75766585a32c39a1b12
DEB [20150209-22:32:56.838] thr=1   paramiko.transport: userauth is OK
INF [20150209-22:32:56.878] thr=1   paramiko.transport: Auth banner: 
This system is restricted solely to authorized users for legitimate business
purposes. 

The actual or attempted unauthorized access, use or modification of this 
system is strictly prohibited. Unauthorized users are subject to Company
disciplinary proceeding and/or criminal and civil penalties under state,
federal or other applicable domestic or foreign laws. 

The use of this system may be monitored and recorded for administrative and
security reasons. Anyone accessing this system expressly consents to such
monitoring and is advised that if monitoring reveals possible evidence of
criminal activity, such activity may be provided as evidence to law 
enforcement officials. 

All users must comply, without exception.


INF [20150209-22:32:56.878] thr=1   paramiko.transport: Authentication (password) successful!
DEB [20150209-22:33:06.875] thr=2   paramiko.transport: [chan 1] Max packet in: 34816 bytes
DEB [20150209-22:33:06.881] thr=1   paramiko.transport: [chan 1] Max packet out: 32768 bytes
INF [20150209-22:33:06.882] thr=1   paramiko.transport: Secsh channel 1 opened.
DEB [20150209-22:33:06.891] thr=1   paramiko.transport: [chan 1] Sesch channel 1 request ok
DEB [20150209-22:33:06.900] thr=1   paramiko.transport: [chan 1] EOF received (1)
